versions pytest-8.3.3, python-3.12.7.final.0
invocation_dir=/home/renanpenna/Projetos/Challenge/cial_stock_api
cwd=/home/renanpenna/Projetos/Challenge/cial_stock_api
args=('-v', 'tests/test_stock.py::test_get_stock', '--debug')

  pytest_cmdline_main [hook]
      config: <_pytest.config.Config object at 0x7bba511d2120>
    pytest_plugin_registered [hook]
        plugin: <Session  exitstatus='<UNSET>' testsfailed=0 testscollected=0>
        plugin_name: session
        manager: <_pytest.config.PytestPluginManager object at 0x7bba512129c0>
    finish pytest_plugin_registered --> [] [hook]
    pytest_configure [hook]
        config: <_pytest.config.Config object at 0x7bba511d2120>
      pytest_plugin_registered [hook]
          plugin: <_pytest.cacheprovider.LFPlugin object at 0x7bba4d7f7ec0>
          plugin_name: lfplugin
          manager: <_pytest.config.PytestPluginManager object at 0x7bba512129c0>
      finish pytest_plugin_registered --> [] [hook]
      pytest_plugin_registered [hook]
          plugin: <_pytest.cacheprovider.NFPlugin object at 0x7bba4d7f7e60>
          plugin_name: nfplugin
          manager: <_pytest.config.PytestPluginManager object at 0x7bba512129c0>
      finish pytest_plugin_registered --> [] [hook]
    find_module called for: faulthandler [assertion]
      pytest_plugin_registered [hook]
          plugin: <class '_pytest.legacypath.LegacyTmpdirPlugin'>
          plugin_name: legacypath-tmpdir
          manager: <_pytest.config.PytestPluginManager object at 0x7bba512129c0>
      finish pytest_plugin_registered --> [] [hook]
    find_module called for: pdb [assertion]
    find_module called for: cmd [assertion]
    find_module called for: code [assertion]
    find_module called for: codeop [assertion]
      pytest_plugin_registered [hook]
          plugin: <_pytest.config.PytestPluginManager object at 0x7bba512129c0>
          plugin_name: 136040155261376
          manager: <_pytest.config.PytestPluginManager object at 0x7bba512129c0>
      finish pytest_plugin_registered --> [] [hook]
      pytest_plugin_registered [hook]
          plugin: <_pytest.config.Config object at 0x7bba511d2120>
          plugin_name: pytestconfig
          manager: <_pytest.config.PytestPluginManager object at 0x7bba512129c0>
      finish pytest_plugin_registered --> [] [hook]
      pytest_plugin_registered [hook]
          plugin: <module '_pytest.mark' from '/home/renanpenna/opt/miniconda3/envs/cial/lib/python3.12/site-packages/_pytest/mark/__init__.py'>
          plugin_name: mark
          manager: <_pytest.config.PytestPluginManager object at 0x7bba512129c0>
      finish pytest_plugin_registered --> [] [hook]
      pytest_plugin_registered [hook]
          plugin: <module '_pytest.main' from '/home/renanpenna/opt/miniconda3/envs/cial/lib/python3.12/site-packages/_pytest/main.py'>
          plugin_name: main
          manager: <_pytest.config.PytestPluginManager object at 0x7bba512129c0>
      finish pytest_plugin_registered --> [] [hook]
      pytest_plugin_registered [hook]
          plugin: <module '_pytest.runner' from '/home/renanpenna/opt/miniconda3/envs/cial/lib/python3.12/site-packages/_pytest/runner.py'>
          plugin_name: runner
          manager: <_pytest.config.PytestPluginManager object at 0x7bba512129c0>
      finish pytest_plugin_registered --> [] [hook]
      pytest_plugin_registered [hook]
          plugin: <module '_pytest.fixtures' from '/home/renanpenna/opt/miniconda3/envs/cial/lib/python3.12/site-packages/_pytest/fixtures.py'>
          plugin_name: fixtures
          manager: <_pytest.config.PytestPluginManager object at 0x7bba512129c0>
      finish pytest_plugin_registered --> [] [hook]
      pytest_plugin_registered [hook]
          plugin: <module '_pytest.helpconfig' from '/home/renanpenna/opt/miniconda3/envs/cial/lib/python3.12/site-packages/_pytest/helpconfig.py'>
          plugin_name: helpconfig
          manager: <_pytest.config.PytestPluginManager object at 0x7bba512129c0>
      finish pytest_plugin_registered --> [] [hook]
      pytest_plugin_registered [hook]
          plugin: <module '_pytest.python' from '/home/renanpenna/opt/miniconda3/envs/cial/lib/python3.12/site-packages/_pytest/python.py'>
          plugin_name: python
          manager: <_pytest.config.PytestPluginManager object at 0x7bba512129c0>
      finish pytest_plugin_registered --> [] [hook]
      pytest_plugin_registered [hook]
          plugin: <module '_pytest.terminal' from '/home/renanpenna/opt/miniconda3/envs/cial/lib/python3.12/site-packages/_pytest/terminal.py'>
          plugin_name: terminal
          manager: <_pytest.config.PytestPluginManager object at 0x7bba512129c0>
      finish pytest_plugin_registered --> [] [hook]
      pytest_plugin_registered [hook]
          plugin: <module '_pytest.debugging' from '/home/renanpenna/opt/miniconda3/envs/cial/lib/python3.12/site-packages/_pytest/debugging.py'>
          plugin_name: debugging
          manager: <_pytest.config.PytestPluginManager object at 0x7bba512129c0>
      finish pytest_plugin_registered --> [] [hook]
      pytest_plugin_registered [hook]
          plugin: <module '_pytest.unittest' from '/home/renanpenna/opt/miniconda3/envs/cial/lib/python3.12/site-packages/_pytest/unittest.py'>
          plugin_name: unittest
          manager: <_pytest.config.PytestPluginManager object at 0x7bba512129c0>
      finish pytest_plugin_registered --> [] [hook]
      pytest_plugin_registered [hook]
          plugin: <module '_pytest.capture' from '/home/renanpenna/opt/miniconda3/envs/cial/lib/python3.12/site-packages/_pytest/capture.py'>
          plugin_name: capture
          manager: <_pytest.config.PytestPluginManager object at 0x7bba512129c0>
      finish pytest_plugin_registered --> [] [hook]
      pytest_plugin_registered [hook]
          plugin: <module '_pytest.skipping' from '/home/renanpenna/opt/miniconda3/envs/cial/lib/python3.12/site-packages/_pytest/skipping.py'>
          plugin_name: skipping
          manager: <_pytest.config.PytestPluginManager object at 0x7bba512129c0>
      finish pytest_plugin_registered --> [] [hook]
      pytest_plugin_registered [hook]
          plugin: <module '_pytest.legacypath' from '/home/renanpenna/opt/miniconda3/envs/cial/lib/python3.12/site-packages/_pytest/legacypath.py'>
          plugin_name: legacypath
          manager: <_pytest.config.PytestPluginManager object at 0x7bba512129c0>
      finish pytest_plugin_registered --> [] [hook]
      pytest_plugin_registered [hook]
          plugin: <module '_pytest.tmpdir' from '/home/renanpenna/opt/miniconda3/envs/cial/lib/python3.12/site-packages/_pytest/tmpdir.py'>
          plugin_name: tmpdir
          manager: <_pytest.config.PytestPluginManager object at 0x7bba512129c0>
      finish pytest_plugin_registered --> [] [hook]
      pytest_plugin_registered [hook]
          plugin: <module '_pytest.monkeypatch' from '/home/renanpenna/opt/miniconda3/envs/cial/lib/python3.12/site-packages/_pytest/monkeypatch.py'>
          plugin_name: monkeypatch
          manager: <_pytest.config.PytestPluginManager object at 0x7bba512129c0>
      finish pytest_plugin_registered --> [] [hook]
      pytest_plugin_registered [hook]
          plugin: <module '_pytest.recwarn' from '/home/renanpenna/opt/miniconda3/envs/cial/lib/python3.12/site-packages/_pytest/recwarn.py'>
          plugin_name: recwarn
          manager: <_pytest.config.PytestPluginManager object at 0x7bba512129c0>
      finish pytest_plugin_registered --> [] [hook]
      pytest_plugin_registered [hook]
          plugin: <module '_pytest.pastebin' from '/home/renanpenna/opt/miniconda3/envs/cial/lib/python3.12/site-packages/_pytest/pastebin.py'>
          plugin_name: pastebin
          manager: <_pytest.config.PytestPluginManager object at 0x7bba512129c0>
      finish pytest_plugin_registered --> [] [hook]
      pytest_plugin_registered [hook]
          plugin: <module '_pytest.assertion' from '/home/renanpenna/opt/miniconda3/envs/cial/lib/python3.12/site-packages/_pytest/assertion/__init__.py'>
          plugin_name: assertion
          manager: <_pytest.config.PytestPluginManager object at 0x7bba512129c0>
      finish pytest_plugin_registered --> [] [hook]
      pytest_plugin_registered [hook]
          plugin: <module '_pytest.junitxml' from '/home/renanpenna/opt/miniconda3/envs/cial/lib/python3.12/site-packages/_pytest/junitxml.py'>
          plugin_name: junitxml
          manager: <_pytest.config.PytestPluginManager object at 0x7bba512129c0>
      finish pytest_plugin_registered --> [] [hook]
      pytest_plugin_registered [hook]
          plugin: <module '_pytest.doctest' from '/home/renanpenna/opt/miniconda3/envs/cial/lib/python3.12/site-packages/_pytest/doctest.py'>
          plugin_name: doctest
          manager: <_pytest.config.PytestPluginManager object at 0x7bba512129c0>
      finish pytest_plugin_registered --> [] [hook]
      pytest_plugin_registered [hook]
          plugin: <module '_pytest.cacheprovider' from '/home/renanpenna/opt/miniconda3/envs/cial/lib/python3.12/site-packages/_pytest/cacheprovider.py'>
          plugin_name: cacheprovider
          manager: <_pytest.config.PytestPluginManager object at 0x7bba512129c0>
      finish pytest_plugin_registered --> [] [hook]
      pytest_plugin_registered [hook]
          plugin: <module '_pytest.freeze_support' from '/home/renanpenna/opt/miniconda3/envs/cial/lib/python3.12/site-packages/_pytest/freeze_support.py'>
          plugin_name: freeze_support
          manager: <_pytest.config.PytestPluginManager object at 0x7bba512129c0>
      finish pytest_plugin_registered --> [] [hook]
      pytest_plugin_registered [hook]
          plugin: <module '_pytest.setuponly' from '/home/renanpenna/opt/miniconda3/envs/cial/lib/python3.12/site-packages/_pytest/setuponly.py'>
          plugin_name: setuponly
          manager: <_pytest.config.PytestPluginManager object at 0x7bba512129c0>
      finish pytest_plugin_registered --> [] [hook]
      pytest_plugin_registered [hook]
          plugin: <module '_pytest.setupplan' from '/home/renanpenna/opt/miniconda3/envs/cial/lib/python3.12/site-packages/_pytest/setupplan.py'>
          plugin_name: setupplan
          manager: <_pytest.config.PytestPluginManager object at 0x7bba512129c0>
      finish pytest_plugin_registered --> [] [hook]
      pytest_plugin_registered [hook]
          plugin: <module '_pytest.stepwise' from '/home/renanpenna/opt/miniconda3/envs/cial/lib/python3.12/site-packages/_pytest/stepwise.py'>
          plugin_name: stepwise
          manager: <_pytest.config.PytestPluginManager object at 0x7bba512129c0>
      finish pytest_plugin_registered --> [] [hook]
      pytest_plugin_registered [hook]
          plugin: <module '_pytest.warnings' from '/home/renanpenna/opt/miniconda3/envs/cial/lib/python3.12/site-packages/_pytest/warnings.py'>
          plugin_name: warnings
          manager: <_pytest.config.PytestPluginManager object at 0x7bba512129c0>
      finish pytest_plugin_registered --> [] [hook]
      pytest_plugin_registered [hook]
          plugin: <module '_pytest.logging' from '/home/renanpenna/opt/miniconda3/envs/cial/lib/python3.12/site-packages/_pytest/logging.py'>
          plugin_name: logging
          manager: <_pytest.config.PytestPluginManager object at 0x7bba512129c0>
      finish pytest_plugin_registered --> [] [hook]
      pytest_plugin_registered [hook]
          plugin: <module '_pytest.reports' from '/home/renanpenna/opt/miniconda3/envs/cial/lib/python3.12/site-packages/_pytest/reports.py'>
          plugin_name: reports
          manager: <_pytest.config.PytestPluginManager object at 0x7bba512129c0>
      finish pytest_plugin_registered --> [] [hook]
      pytest_plugin_registered [hook]
          plugin: <module '_pytest.python_path' from '/home/renanpenna/opt/miniconda3/envs/cial/lib/python3.12/site-packages/_pytest/python_path.py'>
          plugin_name: python_path
          manager: <_pytest.config.PytestPluginManager object at 0x7bba512129c0>
      finish pytest_plugin_registered --> [] [hook]
      pytest_plugin_registered [hook]
          plugin: <module '_pytest.unraisableexception' from '/home/renanpenna/opt/miniconda3/envs/cial/lib/python3.12/site-packages/_pytest/unraisableexception.py'>
          plugin_name: unraisableexception
          manager: <_pytest.config.PytestPluginManager object at 0x7bba512129c0>
      finish pytest_plugin_registered --> [] [hook]
      pytest_plugin_registered [hook]
          plugin: <module '_pytest.threadexception' from '/home/renanpenna/opt/miniconda3/envs/cial/lib/python3.12/site-packages/_pytest/threadexception.py'>
          plugin_name: threadexception
          manager: <_pytest.config.PytestPluginManager object at 0x7bba512129c0>
      finish pytest_plugin_registered --> [] [hook]
      pytest_plugin_registered [hook]
          plugin: <module '_pytest.faulthandler' from '/home/renanpenna/opt/miniconda3/envs/cial/lib/python3.12/site-packages/_pytest/faulthandler.py'>
          plugin_name: faulthandler
          manager: <_pytest.config.PytestPluginManager object at 0x7bba512129c0>
      finish pytest_plugin_registered --> [] [hook]
      pytest_plugin_registered [hook]
          plugin: <module 'anyio.pytest_plugin' from '/home/renanpenna/opt/miniconda3/envs/cial/lib/python3.12/site-packages/anyio/pytest_plugin.py'>
          plugin_name: anyio
          manager: <_pytest.config.PytestPluginManager object at 0x7bba512129c0>
      finish pytest_plugin_registered --> [] [hook]
      pytest_plugin_registered [hook]
          plugin: <CaptureManager _method='fd' _global_capturing=<MultiCapture out=<FDCapture 1 oldfd=5 _state='suspended' tmpfile=<_io.TextIOWrapper name="<_io.FileIO name=6 mode='rb+' closefd=True>" mode='r+' encoding='utf-8'>> err=<FDCapture 2 oldfd=7 _state='suspended' tmpfile=<_io.TextIOWrapper name="<_io.FileIO name=8 mode='rb+' closefd=True>" mode='r+' encoding='utf-8'>> in_=<FDCapture 0 oldfd=3 _state='started' tmpfile=<_io.TextIOWrapper name='/dev/null' mode='r' encoding='utf-8'>> _state='suspended' _in_suspended=False> _capture_fixture=None>
          plugin_name: capturemanager
          manager: <_pytest.config.PytestPluginManager object at 0x7bba512129c0>
      finish pytest_plugin_registered --> [] [hook]
      pytest_plugin_registered [hook]
          plugin: <module 'conftest' from '/home/renanpenna/Projetos/Challenge/cial_stock_api/tests/conftest.py'>
          plugin_name: /home/renanpenna/Projetos/Challenge/cial_stock_api/tests/conftest.py
          manager: <_pytest.config.PytestPluginManager object at 0x7bba512129c0>
      finish pytest_plugin_registered --> [] [hook]
      pytest_plugin_registered [hook]
          plugin: <Session  exitstatus=<ExitCode.OK: 0> testsfailed=0 testscollected=0>
          plugin_name: session
          manager: <_pytest.config.PytestPluginManager object at 0x7bba512129c0>
      finish pytest_plugin_registered --> [] [hook]
      pytest_plugin_registered [hook]
          plugin: <_pytest.cacheprovider.LFPlugin object at 0x7bba4d7f7ec0>
          plugin_name: lfplugin
          manager: <_pytest.config.PytestPluginManager object at 0x7bba512129c0>
      finish pytest_plugin_registered --> [] [hook]
      pytest_plugin_registered [hook]
          plugin: <_pytest.cacheprovider.NFPlugin object at 0x7bba4d7f7e60>
          plugin_name: nfplugin
          manager: <_pytest.config.PytestPluginManager object at 0x7bba512129c0>
      finish pytest_plugin_registered --> [] [hook]
      pytest_plugin_registered [hook]
          plugin: <class '_pytest.legacypath.LegacyTmpdirPlugin'>
          plugin_name: legacypath-tmpdir
          manager: <_pytest.config.PytestPluginManager object at 0x7bba512129c0>
      finish pytest_plugin_registered --> [] [hook]
      pytest_warning_recorded [hook]
          warning_message: {message : MovedIn20Warning('The ``declarative_base()`` function is now available as sqlalchemy.orm.declarative_base(). (deprecated since: 2.0)'), category : 'MovedIn20Warning', filename : '/home/renanpenna/Projetos/Challenge/cial_stock_api/server/domain/__init__.py', lineno : 6, line : None}
          nodeid: 
          when: config
          location: None
      finish pytest_warning_recorded --> [] [hook]
      pytest_warning_recorded [hook]
          warning_message: {message : PydanticDeprecatedSince20('Support for class-based `config` is deprecated, use ConfigDict instead.'), category : 'PydanticDeprecatedSince20', filename : '/home/renanpenna/opt/miniconda3/envs/cial/lib/python3.12/site-packages/pydantic/_internal/_config.py', lineno : 291, line : None}
          nodeid: 
          when: config
          location: None
      finish pytest_warning_recorded --> [] [hook]
      pytest_plugin_registered [hook]
          plugin: <_pytest.terminal.TerminalReporter object at 0x7bba509119a0>
          plugin_name: terminalreporter
          manager: <_pytest.config.PytestPluginManager object at 0x7bba512129c0>
      finish pytest_plugin_registered --> [] [hook]
      pytest_plugin_registered [hook]
          plugin: <_pytest.logging.LoggingPlugin object at 0x7bba4d7b9e20>
          plugin_name: logging-plugin
          manager: <_pytest.config.PytestPluginManager object at 0x7bba512129c0>
      finish pytest_plugin_registered --> [] [hook]
    finish pytest_configure --> [] [hook]
    pytest_sessionstart [hook]
        session: <Session  exitstatus=<ExitCode.OK: 0> testsfailed=0 testscollected=0>
      pytest_plugin_registered [hook]
          plugin: <_pytest.config.PytestPluginManager object at 0x7bba512129c0>
          plugin_name: 136040155261376
          manager: <_pytest.config.PytestPluginManager object at 0x7bba512129c0>
      finish pytest_plugin_registered --> [] [hook]
      pytest_plugin_registered [hook]
          plugin: <_pytest.config.Config object at 0x7bba511d2120>
          plugin_name: pytestconfig
          manager: <_pytest.config.PytestPluginManager object at 0x7bba512129c0>
      finish pytest_plugin_registered --> [] [hook]
      pytest_plugin_registered [hook]
          plugin: <module '_pytest.mark' from '/home/renanpenna/opt/miniconda3/envs/cial/lib/python3.12/site-packages/_pytest/mark/__init__.py'>
          plugin_name: mark
          manager: <_pytest.config.PytestPluginManager object at 0x7bba512129c0>
      finish pytest_plugin_registered --> [] [hook]
      pytest_plugin_registered [hook]
          plugin: <module '_pytest.main' from '/home/renanpenna/opt/miniconda3/envs/cial/lib/python3.12/site-packages/_pytest/main.py'>
          plugin_name: main
          manager: <_pytest.config.PytestPluginManager object at 0x7bba512129c0>
      finish pytest_plugin_registered --> [] [hook]
      pytest_plugin_registered [hook]
          plugin: <module '_pytest.runner' from '/home/renanpenna/opt/miniconda3/envs/cial/lib/python3.12/site-packages/_pytest/runner.py'>
          plugin_name: runner
          manager: <_pytest.config.PytestPluginManager object at 0x7bba512129c0>
      finish pytest_plugin_registered --> [] [hook]
      pytest_plugin_registered [hook]
          plugin: <module '_pytest.fixtures' from '/home/renanpenna/opt/miniconda3/envs/cial/lib/python3.12/site-packages/_pytest/fixtures.py'>
          plugin_name: fixtures
          manager: <_pytest.config.PytestPluginManager object at 0x7bba512129c0>
      finish pytest_plugin_registered --> [] [hook]
      pytest_plugin_registered [hook]
          plugin: <module '_pytest.helpconfig' from '/home/renanpenna/opt/miniconda3/envs/cial/lib/python3.12/site-packages/_pytest/helpconfig.py'>
          plugin_name: helpconfig
          manager: <_pytest.config.PytestPluginManager object at 0x7bba512129c0>
      finish pytest_plugin_registered --> [] [hook]
      pytest_plugin_registered [hook]
          plugin: <module '_pytest.python' from '/home/renanpenna/opt/miniconda3/envs/cial/lib/python3.12/site-packages/_pytest/python.py'>
          plugin_name: python
          manager: <_pytest.config.PytestPluginManager object at 0x7bba512129c0>
      finish pytest_plugin_registered --> [] [hook]
      pytest_plugin_registered [hook]
          plugin: <module '_pytest.terminal' from '/home/renanpenna/opt/miniconda3/envs/cial/lib/python3.12/site-packages/_pytest/terminal.py'>
          plugin_name: terminal
          manager: <_pytest.config.PytestPluginManager object at 0x7bba512129c0>
      finish pytest_plugin_registered --> [] [hook]
      pytest_plugin_registered [hook]
          plugin: <module '_pytest.debugging' from '/home/renanpenna/opt/miniconda3/envs/cial/lib/python3.12/site-packages/_pytest/debugging.py'>
          plugin_name: debugging
          manager: <_pytest.config.PytestPluginManager object at 0x7bba512129c0>
      finish pytest_plugin_registered --> [] [hook]
      pytest_plugin_registered [hook]
          plugin: <module '_pytest.unittest' from '/home/renanpenna/opt/miniconda3/envs/cial/lib/python3.12/site-packages/_pytest/unittest.py'>
          plugin_name: unittest
          manager: <_pytest.config.PytestPluginManager object at 0x7bba512129c0>
      finish pytest_plugin_registered --> [] [hook]
      pytest_plugin_registered [hook]
          plugin: <module '_pytest.capture' from '/home/renanpenna/opt/miniconda3/envs/cial/lib/python3.12/site-packages/_pytest/capture.py'>
          plugin_name: capture
          manager: <_pytest.config.PytestPluginManager object at 0x7bba512129c0>
      finish pytest_plugin_registered --> [] [hook]
      pytest_plugin_registered [hook]
          plugin: <module '_pytest.skipping' from '/home/renanpenna/opt/miniconda3/envs/cial/lib/python3.12/site-packages/_pytest/skipping.py'>
          plugin_name: skipping
          manager: <_pytest.config.PytestPluginManager object at 0x7bba512129c0>
      finish pytest_plugin_registered --> [] [hook]
      pytest_plugin_registered [hook]
          plugin: <module '_pytest.legacypath' from '/home/renanpenna/opt/miniconda3/envs/cial/lib/python3.12/site-packages/_pytest/legacypath.py'>
          plugin_name: legacypath
          manager: <_pytest.config.PytestPluginManager object at 0x7bba512129c0>
      finish pytest_plugin_registered --> [] [hook]
      pytest_plugin_registered [hook]
          plugin: <module '_pytest.tmpdir' from '/home/renanpenna/opt/miniconda3/envs/cial/lib/python3.12/site-packages/_pytest/tmpdir.py'>
          plugin_name: tmpdir
          manager: <_pytest.config.PytestPluginManager object at 0x7bba512129c0>
      finish pytest_plugin_registered --> [] [hook]
      pytest_plugin_registered [hook]
          plugin: <module '_pytest.monkeypatch' from '/home/renanpenna/opt/miniconda3/envs/cial/lib/python3.12/site-packages/_pytest/monkeypatch.py'>
          plugin_name: monkeypatch
          manager: <_pytest.config.PytestPluginManager object at 0x7bba512129c0>
      finish pytest_plugin_registered --> [] [hook]
      pytest_plugin_registered [hook]
          plugin: <module '_pytest.recwarn' from '/home/renanpenna/opt/miniconda3/envs/cial/lib/python3.12/site-packages/_pytest/recwarn.py'>
          plugin_name: recwarn
          manager: <_pytest.config.PytestPluginManager object at 0x7bba512129c0>
      finish pytest_plugin_registered --> [] [hook]
      pytest_plugin_registered [hook]
          plugin: <module '_pytest.pastebin' from '/home/renanpenna/opt/miniconda3/envs/cial/lib/python3.12/site-packages/_pytest/pastebin.py'>
          plugin_name: pastebin
          manager: <_pytest.config.PytestPluginManager object at 0x7bba512129c0>
      finish pytest_plugin_registered --> [] [hook]
      pytest_plugin_registered [hook]
          plugin: <module '_pytest.assertion' from '/home/renanpenna/opt/miniconda3/envs/cial/lib/python3.12/site-packages/_pytest/assertion/__init__.py'>
          plugin_name: assertion
          manager: <_pytest.config.PytestPluginManager object at 0x7bba512129c0>
      finish pytest_plugin_registered --> [] [hook]
      pytest_plugin_registered [hook]
          plugin: <module '_pytest.junitxml' from '/home/renanpenna/opt/miniconda3/envs/cial/lib/python3.12/site-packages/_pytest/junitxml.py'>
          plugin_name: junitxml
          manager: <_pytest.config.PytestPluginManager object at 0x7bba512129c0>
      finish pytest_plugin_registered --> [] [hook]
      pytest_plugin_registered [hook]
          plugin: <module '_pytest.doctest' from '/home/renanpenna/opt/miniconda3/envs/cial/lib/python3.12/site-packages/_pytest/doctest.py'>
          plugin_name: doctest
          manager: <_pytest.config.PytestPluginManager object at 0x7bba512129c0>
      finish pytest_plugin_registered --> [] [hook]
      pytest_plugin_registered [hook]
          plugin: <module '_pytest.cacheprovider' from '/home/renanpenna/opt/miniconda3/envs/cial/lib/python3.12/site-packages/_pytest/cacheprovider.py'>
          plugin_name: cacheprovider
          manager: <_pytest.config.PytestPluginManager object at 0x7bba512129c0>
      finish pytest_plugin_registered --> [] [hook]
      pytest_plugin_registered [hook]
          plugin: <module '_pytest.freeze_support' from '/home/renanpenna/opt/miniconda3/envs/cial/lib/python3.12/site-packages/_pytest/freeze_support.py'>
          plugin_name: freeze_support
          manager: <_pytest.config.PytestPluginManager object at 0x7bba512129c0>
      finish pytest_plugin_registered --> [] [hook]
      pytest_plugin_registered [hook]
          plugin: <module '_pytest.setuponly' from '/home/renanpenna/opt/miniconda3/envs/cial/lib/python3.12/site-packages/_pytest/setuponly.py'>
          plugin_name: setuponly
          manager: <_pytest.config.PytestPluginManager object at 0x7bba512129c0>
      finish pytest_plugin_registered --> [] [hook]
      pytest_plugin_registered [hook]
          plugin: <module '_pytest.setupplan' from '/home/renanpenna/opt/miniconda3/envs/cial/lib/python3.12/site-packages/_pytest/setupplan.py'>
          plugin_name: setupplan
          manager: <_pytest.config.PytestPluginManager object at 0x7bba512129c0>
      finish pytest_plugin_registered --> [] [hook]
      pytest_plugin_registered [hook]
          plugin: <module '_pytest.stepwise' from '/home/renanpenna/opt/miniconda3/envs/cial/lib/python3.12/site-packages/_pytest/stepwise.py'>
          plugin_name: stepwise
          manager: <_pytest.config.PytestPluginManager object at 0x7bba512129c0>
      finish pytest_plugin_registered --> [] [hook]
      pytest_plugin_registered [hook]
          plugin: <module '_pytest.warnings' from '/home/renanpenna/opt/miniconda3/envs/cial/lib/python3.12/site-packages/_pytest/warnings.py'>
          plugin_name: warnings
          manager: <_pytest.config.PytestPluginManager object at 0x7bba512129c0>
      finish pytest_plugin_registered --> [] [hook]
      pytest_plugin_registered [hook]
          plugin: <module '_pytest.logging' from '/home/renanpenna/opt/miniconda3/envs/cial/lib/python3.12/site-packages/_pytest/logging.py'>
          plugin_name: logging
          manager: <_pytest.config.PytestPluginManager object at 0x7bba512129c0>
      finish pytest_plugin_registered --> [] [hook]
      pytest_plugin_registered [hook]
          plugin: <module '_pytest.reports' from '/home/renanpenna/opt/miniconda3/envs/cial/lib/python3.12/site-packages/_pytest/reports.py'>
          plugin_name: reports
          manager: <_pytest.config.PytestPluginManager object at 0x7bba512129c0>
      finish pytest_plugin_registered --> [] [hook]
      pytest_plugin_registered [hook]
          plugin: <module '_pytest.python_path' from '/home/renanpenna/opt/miniconda3/envs/cial/lib/python3.12/site-packages/_pytest/python_path.py'>
          plugin_name: python_path
          manager: <_pytest.config.PytestPluginManager object at 0x7bba512129c0>
      finish pytest_plugin_registered --> [] [hook]
      pytest_plugin_registered [hook]
          plugin: <module '_pytest.unraisableexception' from '/home/renanpenna/opt/miniconda3/envs/cial/lib/python3.12/site-packages/_pytest/unraisableexception.py'>
          plugin_name: unraisableexception
          manager: <_pytest.config.PytestPluginManager object at 0x7bba512129c0>
      finish pytest_plugin_registered --> [] [hook]
      pytest_plugin_registered [hook]
          plugin: <module '_pytest.threadexception' from '/home/renanpenna/opt/miniconda3/envs/cial/lib/python3.12/site-packages/_pytest/threadexception.py'>
          plugin_name: threadexception
          manager: <_pytest.config.PytestPluginManager object at 0x7bba512129c0>
      finish pytest_plugin_registered --> [] [hook]
      pytest_plugin_registered [hook]
          plugin: <module '_pytest.faulthandler' from '/home/renanpenna/opt/miniconda3/envs/cial/lib/python3.12/site-packages/_pytest/faulthandler.py'>
          plugin_name: faulthandler
          manager: <_pytest.config.PytestPluginManager object at 0x7bba512129c0>
      finish pytest_plugin_registered --> [] [hook]
      pytest_plugin_registered [hook]
          plugin: <module 'anyio.pytest_plugin' from '/home/renanpenna/opt/miniconda3/envs/cial/lib/python3.12/site-packages/anyio/pytest_plugin.py'>
          plugin_name: anyio
          manager: <_pytest.config.PytestPluginManager object at 0x7bba512129c0>
      finish pytest_plugin_registered --> [] [hook]
      pytest_plugin_registered [hook]
          plugin: <CaptureManager _method='fd' _global_capturing=<MultiCapture out=<FDCapture 1 oldfd=5 _state='suspended' tmpfile=<_io.TextIOWrapper name="<_io.FileIO name=6 mode='rb+' closefd=True>" mode='r+' encoding='utf-8'>> err=<FDCapture 2 oldfd=7 _state='suspended' tmpfile=<_io.TextIOWrapper name="<_io.FileIO name=8 mode='rb+' closefd=True>" mode='r+' encoding='utf-8'>> in_=<FDCapture 0 oldfd=3 _state='started' tmpfile=<_io.TextIOWrapper name='/dev/null' mode='r' encoding='utf-8'>> _state='suspended' _in_suspended=False> _capture_fixture=None>
          plugin_name: capturemanager
          manager: <_pytest.config.PytestPluginManager object at 0x7bba512129c0>
      finish pytest_plugin_registered --> [] [hook]
      pytest_plugin_registered [hook]
          plugin: <module 'conftest' from '/home/renanpenna/Projetos/Challenge/cial_stock_api/tests/conftest.py'>
          plugin_name: /home/renanpenna/Projetos/Challenge/cial_stock_api/tests/conftest.py
          manager: <_pytest.config.PytestPluginManager object at 0x7bba512129c0>
      finish pytest_plugin_registered --> [] [hook]
      pytest_plugin_registered [hook]
          plugin: <Session  exitstatus=<ExitCode.OK: 0> testsfailed=0 testscollected=0>
          plugin_name: session
          manager: <_pytest.config.PytestPluginManager object at 0x7bba512129c0>
      finish pytest_plugin_registered --> [] [hook]
      pytest_plugin_registered [hook]
          plugin: <_pytest.cacheprovider.LFPlugin object at 0x7bba4d7f7ec0>
          plugin_name: lfplugin
          manager: <_pytest.config.PytestPluginManager object at 0x7bba512129c0>
      finish pytest_plugin_registered --> [] [hook]
      pytest_plugin_registered [hook]
          plugin: <_pytest.cacheprovider.NFPlugin object at 0x7bba4d7f7e60>
          plugin_name: nfplugin
          manager: <_pytest.config.PytestPluginManager object at 0x7bba512129c0>
      finish pytest_plugin_registered --> [] [hook]
      pytest_plugin_registered [hook]
          plugin: <class '_pytest.legacypath.LegacyTmpdirPlugin'>
          plugin_name: legacypath-tmpdir
          manager: <_pytest.config.PytestPluginManager object at 0x7bba512129c0>
      finish pytest_plugin_registered --> [] [hook]
      pytest_plugin_registered [hook]
          plugin: <_pytest.terminal.TerminalReporter object at 0x7bba509119a0>
          plugin_name: terminalreporter
          manager: <_pytest.config.PytestPluginManager object at 0x7bba512129c0>
      finish pytest_plugin_registered --> [] [hook]
      pytest_plugin_registered [hook]
          plugin: <_pytest.logging.LoggingPlugin object at 0x7bba4d7b9e20>
          plugin_name: logging-plugin
          manager: <_pytest.config.PytestPluginManager object at 0x7bba512129c0>
      finish pytest_plugin_registered --> [] [hook]
      pytest_plugin_registered [hook]
          plugin: <_pytest.fixtures.FixtureManager object at 0x7bba4d814830>
          plugin_name: funcmanage
          manager: <_pytest.config.PytestPluginManager object at 0x7bba512129c0>
      finish pytest_plugin_registered --> [] [hook]
      pytest_report_header [hook]
          config: <_pytest.config.Config object at 0x7bba511d2120>
          start_path: /home/renanpenna/Projetos/Challenge/cial_stock_api
          startdir: /home/renanpenna/Projetos/Challenge/cial_stock_api
      finish pytest_report_header --> [['rootdir: /home/renanpenna/Projetos/Challenge/cial_stock_api', 'configfile: pyproject.toml', 'plugins: anyio-4.6.2.post1'], 'cachedir: .pytest_cache', ['using: pytest-8.3.3', 'registered third-party plugins:', '  anyio-4.6.2.post1 at /home/renanpenna/opt/miniconda3/envs/cial/lib/python3.12/site-packages/anyio/pytest_plugin.py']] [hook]
    finish pytest_sessionstart --> [] [hook]
    pytest_collection [hook]
        session: <Session  exitstatus=<ExitCode.OK: 0> testsfailed=0 testscollected=0>
    perform_collect <Session  exitstatus=<ExitCode.OK: 0> testsfailed=0 testscollected=0> ['tests/test_stock.py::test_get_stock'] [collection]
        pytest_collectstart [hook]
            collector: <Session  exitstatus=<ExitCode.OK: 0> testsfailed=0 testscollected=0>
        finish pytest_collectstart --> [] [hook]
        pytest_make_collect_report [hook]
            collector: <Session  exitstatus=<ExitCode.OK: 0> testsfailed=0 testscollected=0>
        processing argument CollectionArgument(path=PosixPath('/home/renanpenna/Projetos/Challenge/cial_stock_api/tests/test_stock.py'), parts=['test_get_stock'], module_name=None) [collection]
            pytest_collect_directory [hook]
                path: /home/renanpenna/Projetos/Challenge/cial_stock_api
                parent: <Session  exitstatus=<ExitCode.OK: 0> testsfailed=0 testscollected=0>
            finish pytest_collect_directory --> <Dir cial_stock_api> [hook]
            pytest_collectstart [hook]
                collector: <Dir cial_stock_api>
            finish pytest_collectstart --> [] [hook]
            pytest_make_collect_report [hook]
                collector: <Dir cial_stock_api>
              pytest_ignore_collect [hook]
                  config: <_pytest.config.Config object at 0x7bba511d2120>
                  collection_path: /home/renanpenna/Projetos/Challenge/cial_stock_api/.dockerignore
                  path: /home/renanpenna/Projetos/Challenge/cial_stock_api/.dockerignore
              finish pytest_ignore_collect --> None [hook]
              pytest_collect_file [hook]
                  parent: <Dir cial_stock_api>
                  file_path: /home/renanpenna/Projetos/Challenge/cial_stock_api/.dockerignore
                  path: /home/renanpenna/Projetos/Challenge/cial_stock_api/.dockerignore
              finish pytest_collect_file --> [] [hook]
              pytest_ignore_collect [hook]
                  config: <_pytest.config.Config object at 0x7bba511d2120>
                  collection_path: /home/renanpenna/Projetos/Challenge/cial_stock_api/.editorconfig
                  path: /home/renanpenna/Projetos/Challenge/cial_stock_api/.editorconfig
              finish pytest_ignore_collect --> None [hook]
              pytest_collect_file [hook]
                  parent: <Dir cial_stock_api>
                  file_path: /home/renanpenna/Projetos/Challenge/cial_stock_api/.editorconfig
                  path: /home/renanpenna/Projetos/Challenge/cial_stock_api/.editorconfig
              finish pytest_collect_file --> [] [hook]
              pytest_ignore_collect [hook]
                  config: <_pytest.config.Config object at 0x7bba511d2120>
                  collection_path: /home/renanpenna/Projetos/Challenge/cial_stock_api/.env
                  path: /home/renanpenna/Projetos/Challenge/cial_stock_api/.env
              finish pytest_ignore_collect --> None [hook]
              pytest_collect_file [hook]
                  parent: <Dir cial_stock_api>
                  file_path: /home/renanpenna/Projetos/Challenge/cial_stock_api/.env
                  path: /home/renanpenna/Projetos/Challenge/cial_stock_api/.env
              finish pytest_collect_file --> [] [hook]
              pytest_ignore_collect [hook]
                  config: <_pytest.config.Config object at 0x7bba511d2120>
                  collection_path: /home/renanpenna/Projetos/Challenge/cial_stock_api/.flake8
                  path: /home/renanpenna/Projetos/Challenge/cial_stock_api/.flake8
              finish pytest_ignore_collect --> None [hook]
              pytest_collect_file [hook]
                  parent: <Dir cial_stock_api>
                  file_path: /home/renanpenna/Projetos/Challenge/cial_stock_api/.flake8
                  path: /home/renanpenna/Projetos/Challenge/cial_stock_api/.flake8
              finish pytest_collect_file --> [] [hook]
              pytest_ignore_collect [hook]
                  config: <_pytest.config.Config object at 0x7bba511d2120>
                  collection_path: /home/renanpenna/Projetos/Challenge/cial_stock_api/.pre-commit-config.yaml
                  path: /home/renanpenna/Projetos/Challenge/cial_stock_api/.pre-commit-config.yaml
              finish pytest_ignore_collect --> None [hook]
              pytest_collect_file [hook]
                  parent: <Dir cial_stock_api>
                  file_path: /home/renanpenna/Projetos/Challenge/cial_stock_api/.pre-commit-config.yaml
                  path: /home/renanpenna/Projetos/Challenge/cial_stock_api/.pre-commit-config.yaml
              finish pytest_collect_file --> [] [hook]
              pytest_ignore_collect [hook]
                  config: <_pytest.config.Config object at 0x7bba511d2120>
                  collection_path: /home/renanpenna/Projetos/Challenge/cial_stock_api/.pytest_cache
                  path: /home/renanpenna/Projetos/Challenge/cial_stock_api/.pytest_cache
              finish pytest_ignore_collect --> True [hook]
              pytest_ignore_collect [hook]
                  config: <_pytest.config.Config object at 0x7bba511d2120>
                  collection_path: /home/renanpenna/Projetos/Challenge/cial_stock_api/.vscode
                  path: /home/renanpenna/Projetos/Challenge/cial_stock_api/.vscode
              finish pytest_ignore_collect --> True [hook]
              pytest_ignore_collect [hook]
                  config: <_pytest.config.Config object at 0x7bba511d2120>
                  collection_path: /home/renanpenna/Projetos/Challenge/cial_stock_api/Dockerfile
                  path: /home/renanpenna/Projetos/Challenge/cial_stock_api/Dockerfile
              finish pytest_ignore_collect --> None [hook]
              pytest_collect_file [hook]
                  parent: <Dir cial_stock_api>
                  file_path: /home/renanpenna/Projetos/Challenge/cial_stock_api/Dockerfile
                  path: /home/renanpenna/Projetos/Challenge/cial_stock_api/Dockerfile
              finish pytest_collect_file --> [] [hook]
              pytest_ignore_collect [hook]
                  config: <_pytest.config.Config object at 0x7bba511d2120>
                  collection_path: /home/renanpenna/Projetos/Challenge/cial_stock_api/README.md
                  path: /home/renanpenna/Projetos/Challenge/cial_stock_api/README.md
              finish pytest_ignore_collect --> None [hook]
              pytest_collect_file [hook]
                  parent: <Dir cial_stock_api>
                  file_path: /home/renanpenna/Projetos/Challenge/cial_stock_api/README.md
                  path: /home/renanpenna/Projetos/Challenge/cial_stock_api/README.md
              finish pytest_collect_file --> [] [hook]
              pytest_ignore_collect [hook]
                  config: <_pytest.config.Config object at 0x7bba511d2120>
                  collection_path: /home/renanpenna/Projetos/Challenge/cial_stock_api/alembic
                  path: /home/renanpenna/Projetos/Challenge/cial_stock_api/alembic
              finish pytest_ignore_collect --> None [hook]
              pytest_collect_directory [hook]
                  path: /home/renanpenna/Projetos/Challenge/cial_stock_api/alembic
                  parent: <Dir cial_stock_api>
              finish pytest_collect_directory --> <Dir alembic> [hook]
              pytest_ignore_collect [hook]
                  config: <_pytest.config.Config object at 0x7bba511d2120>
                  collection_path: /home/renanpenna/Projetos/Challenge/cial_stock_api/alembic.ini
                  path: /home/renanpenna/Projetos/Challenge/cial_stock_api/alembic.ini
              finish pytest_ignore_collect --> None [hook]
              pytest_collect_file [hook]
                  parent: <Dir cial_stock_api>
                  file_path: /home/renanpenna/Projetos/Challenge/cial_stock_api/alembic.ini
                  path: /home/renanpenna/Projetos/Challenge/cial_stock_api/alembic.ini
              finish pytest_collect_file --> [] [hook]
              pytest_ignore_collect [hook]
                  config: <_pytest.config.Config object at 0x7bba511d2120>
                  collection_path: /home/renanpenna/Projetos/Challenge/cial_stock_api/docker-compose.yml
                  path: /home/renanpenna/Projetos/Challenge/cial_stock_api/docker-compose.yml
              finish pytest_ignore_collect --> None [hook]
              pytest_collect_file [hook]
                  parent: <Dir cial_stock_api>
                  file_path: /home/renanpenna/Projetos/Challenge/cial_stock_api/docker-compose.yml
                  path: /home/renanpenna/Projetos/Challenge/cial_stock_api/docker-compose.yml
              finish pytest_collect_file --> [] [hook]
              pytest_ignore_collect [hook]
                  config: <_pytest.config.Config object at 0x7bba511d2120>
                  collection_path: /home/renanpenna/Projetos/Challenge/cial_stock_api/env.example
                  path: /home/renanpenna/Projetos/Challenge/cial_stock_api/env.example
              finish pytest_ignore_collect --> None [hook]
              pytest_collect_file [hook]
                  parent: <Dir cial_stock_api>
                  file_path: /home/renanpenna/Projetos/Challenge/cial_stock_api/env.example
                  path: /home/renanpenna/Projetos/Challenge/cial_stock_api/env.example
              finish pytest_collect_file --> [] [hook]
              pytest_ignore_collect [hook]
                  config: <_pytest.config.Config object at 0x7bba511d2120>
                  collection_path: /home/renanpenna/Projetos/Challenge/cial_stock_api/error_log.txt
                  path: /home/renanpenna/Projetos/Challenge/cial_stock_api/error_log.txt
              finish pytest_ignore_collect --> None [hook]
              pytest_collect_file [hook]
                  parent: <Dir cial_stock_api>
                  file_path: /home/renanpenna/Projetos/Challenge/cial_stock_api/error_log.txt
                  path: /home/renanpenna/Projetos/Challenge/cial_stock_api/error_log.txt
              finish pytest_collect_file --> [] [hook]
              pytest_ignore_collect [hook]
                  config: <_pytest.config.Config object at 0x7bba511d2120>
                  collection_path: /home/renanpenna/Projetos/Challenge/cial_stock_api/logs
                  path: /home/renanpenna/Projetos/Challenge/cial_stock_api/logs
              finish pytest_ignore_collect --> None [hook]
              pytest_collect_directory [hook]
                  path: /home/renanpenna/Projetos/Challenge/cial_stock_api/logs
                  parent: <Dir cial_stock_api>
              finish pytest_collect_directory --> <Dir logs> [hook]
              pytest_ignore_collect [hook]
                  config: <_pytest.config.Config object at 0x7bba511d2120>
                  collection_path: /home/renanpenna/Projetos/Challenge/cial_stock_api/manage.py
                  path: /home/renanpenna/Projetos/Challenge/cial_stock_api/manage.py
              finish pytest_ignore_collect --> None [hook]
              pytest_collect_file [hook]
                  parent: <Dir cial_stock_api>
                  file_path: /home/renanpenna/Projetos/Challenge/cial_stock_api/manage.py
                  path: /home/renanpenna/Projetos/Challenge/cial_stock_api/manage.py
              finish pytest_collect_file --> [] [hook]
              pytest_ignore_collect [hook]
                  config: <_pytest.config.Config object at 0x7bba511d2120>
                  collection_path: /home/renanpenna/Projetos/Challenge/cial_stock_api/pyproject.toml
                  path: /home/renanpenna/Projetos/Challenge/cial_stock_api/pyproject.toml
              finish pytest_ignore_collect --> None [hook]
              pytest_collect_file [hook]
                  parent: <Dir cial_stock_api>
                  file_path: /home/renanpenna/Projetos/Challenge/cial_stock_api/pyproject.toml
                  path: /home/renanpenna/Projetos/Challenge/cial_stock_api/pyproject.toml
              finish pytest_collect_file --> [] [hook]
              pytest_ignore_collect [hook]
                  config: <_pytest.config.Config object at 0x7bba511d2120>
                  collection_path: /home/renanpenna/Projetos/Challenge/cial_stock_api/pytestdebug.log
                  path: /home/renanpenna/Projetos/Challenge/cial_stock_api/pytestdebug.log
              finish pytest_ignore_collect --> None [hook]
              pytest_collect_file [hook]
                  parent: <Dir cial_stock_api>
                  file_path: /home/renanpenna/Projetos/Challenge/cial_stock_api/pytestdebug.log
                  path: /home/renanpenna/Projetos/Challenge/cial_stock_api/pytestdebug.log
              finish pytest_collect_file --> [] [hook]
              pytest_ignore_collect [hook]
                  config: <_pytest.config.Config object at 0x7bba511d2120>
                  collection_path: /home/renanpenna/Projetos/Challenge/cial_stock_api/requirements
                  path: /home/renanpenna/Projetos/Challenge/cial_stock_api/requirements
              finish pytest_ignore_collect --> None [hook]
              pytest_collect_directory [hook]
                  path: /home/renanpenna/Projetos/Challenge/cial_stock_api/requirements
                  parent: <Dir cial_stock_api>
              finish pytest_collect_directory --> <Dir requirements> [hook]
              pytest_ignore_collect [hook]
                  config: <_pytest.config.Config object at 0x7bba511d2120>
                  collection_path: /home/renanpenna/Projetos/Challenge/cial_stock_api/server
                  path: /home/renanpenna/Projetos/Challenge/cial_stock_api/server
              finish pytest_ignore_collect --> None [hook]
              pytest_collect_directory [hook]
                  path: /home/renanpenna/Projetos/Challenge/cial_stock_api/server
                  parent: <Dir cial_stock_api>
              finish pytest_collect_directory --> <Package server> [hook]
              pytest_collect_directory [hook]
                  path: /home/renanpenna/Projetos/Challenge/cial_stock_api/tests
                  parent: <Dir cial_stock_api>
              finish pytest_collect_directory --> <Dir tests> [hook]
            finish pytest_make_collect_report --> <CollectReport '.' lenresult=5 outcome='passed'> [hook]
            pytest_collectstart [hook]
                collector: <Dir tests>
            finish pytest_collectstart --> [] [hook]
            pytest_make_collect_report [hook]
                collector: <Dir tests>
              pytest_ignore_collect [hook]
                  config: <_pytest.config.Config object at 0x7bba511d2120>
                  collection_path: /home/renanpenna/Projetos/Challenge/cial_stock_api/tests/__pycache__
                  path: /home/renanpenna/Projetos/Challenge/cial_stock_api/tests/__pycache__
              finish pytest_ignore_collect --> True [hook]
              pytest_ignore_collect [hook]
                  config: <_pytest.config.Config object at 0x7bba511d2120>
                  collection_path: /home/renanpenna/Projetos/Challenge/cial_stock_api/tests/conftest.py
                  path: /home/renanpenna/Projetos/Challenge/cial_stock_api/tests/conftest.py
              finish pytest_ignore_collect --> None [hook]
              pytest_collect_file [hook]
                  parent: <Dir tests>
                  file_path: /home/renanpenna/Projetos/Challenge/cial_stock_api/tests/conftest.py
                  path: /home/renanpenna/Projetos/Challenge/cial_stock_api/tests/conftest.py
                pytest_pycollect_makemodule [hook]
                    parent: <Dir tests>
                    module_path: /home/renanpenna/Projetos/Challenge/cial_stock_api/tests/conftest.py
                    path: /home/renanpenna/Projetos/Challenge/cial_stock_api/tests/conftest.py
                finish pytest_pycollect_makemodule --> <Module conftest.py> [hook]
              finish pytest_collect_file --> [<Module conftest.py>] [hook]
              pytest_collect_file [hook]
                  parent: <Dir tests>
                  file_path: /home/renanpenna/Projetos/Challenge/cial_stock_api/tests/test_stock.py
                  path: /home/renanpenna/Projetos/Challenge/cial_stock_api/tests/test_stock.py
                pytest_pycollect_makemodule [hook]
                    parent: <Dir tests>
                    module_path: /home/renanpenna/Projetos/Challenge/cial_stock_api/tests/test_stock.py
                    path: /home/renanpenna/Projetos/Challenge/cial_stock_api/tests/test_stock.py
                finish pytest_pycollect_makemodule --> <Module test_stock.py> [hook]
              finish pytest_collect_file --> [<Module test_stock.py>] [hook]
            finish pytest_make_collect_report --> <CollectReport 'tests' lenresult=2 outcome='passed'> [hook]
            pytest_collectstart [hook]
                collector: <Module test_stock.py>
            finish pytest_collectstart --> [] [hook]
            pytest_make_collect_report [hook]
                collector: <Module test_stock.py>
            find_module called for: test_stock [assertion]
            matched test file (was specified on cmdline): '/home/renanpenna/Projetos/Challenge/cial_stock_api/tests/test_stock.py' [assertion]
            found cached rewritten pyc for /home/renanpenna/Projetos/Challenge/cial_stock_api/tests/test_stock.py [assertion]
            find_module called for: fastapi.testclient [assertion]
            find_module called for: starlette.testclient [assertion]
            find_module called for: httpx [assertion]
            find_module called for: httpx.__version__ [assertion]
            find_module called for: httpx._api [assertion]
            find_module called for: httpx._client [assertion]
            find_module called for: httpx._auth [assertion]
            find_module called for: httpx._exceptions [assertion]
            find_module called for: httpx._models [assertion]
            find_module called for: httpx._content [assertion]
            find_module called for: httpx._multipart [assertion]
            find_module called for: httpx._types [assertion]
            find_module called for: httpx._utils [assertion]
            find_module called for: httpx._decoders [assertion]
            find_module called for: httpx._compat [assertion]
            find_module called for: brotlicffi [assertion]
            find_module called for: brotli [assertion]
            find_module called for: zstandard [assertion]
            find_module called for: httpx._status_codes [assertion]
            find_module called for: httpx._urls [assertion]
            find_module called for: httpx._urlparse [assertion]
            find_module called for: httpx._config [assertion]
            find_module called for: httpx._transports [assertion]
            find_module called for: httpx._transports.asgi [assertion]
            find_module called for: httpx._transports.base [assertion]
            find_module called for: httpx._transports.default [assertion]
            find_module called for: httpcore [assertion]
            find_module called for: httpcore._api [assertion]
            find_module called for: httpcore._models [assertion]
            find_module called for: httpcore._sync [assertion]
            find_module called for: httpcore._sync.connection [assertion]
            find_module called for: httpcore._backends [assertion]
            find_module called for: httpcore._backends.sync [assertion]
            find_module called for: httpcore._exceptions [assertion]
            find_module called for: httpcore._utils [assertion]
            find_module called for: httpcore._backends.base [assertion]
            find_module called for: httpcore._ssl [assertion]
            find_module called for: httpcore._synchronization [assertion]
            find_module called for: trio [assertion]
            find_module called for: httpcore._trace [assertion]
            find_module called for: httpcore._sync.http11 [assertion]
            find_module called for: h11 [assertion]
            find_module called for: h11._connection [assertion]
            find_module called for: h11._events [assertion]
            find_module called for: h11._abnf [assertion]
            find_module called for: h11._headers [assertion]
            find_module called for: h11._util [assertion]
            find_module called for: h11._readers [assertion]
            find_module called for: h11._receivebuffer [assertion]
            find_module called for: h11._state [assertion]
            find_module called for: h11._writers [assertion]
            find_module called for: h11._version [assertion]
            find_module called for: httpcore._sync.interfaces [assertion]
            find_module called for: httpcore._sync.connection_pool [assertion]
            find_module called for: httpcore._sync.http_proxy [assertion]
            find_module called for: httpcore._sync.http2 [assertion]
            find_module called for: h2 [assertion]
            find_module called for: httpcore._sync.socks_proxy [assertion]
            find_module called for: socksio [assertion]
            find_module called for: httpcore._async [assertion]
            find_module called for: httpcore._async.connection [assertion]
            find_module called for: httpcore._backends.auto [assertion]
            find_module called for: httpcore._async.http11 [assertion]
            find_module called for: httpcore._async.interfaces [assertion]
            find_module called for: httpcore._async.connection_pool [assertion]
            find_module called for: httpcore._async.http_proxy [assertion]
            find_module called for: httpcore._async.http2 [assertion]
            find_module called for: h2 [assertion]
            find_module called for: httpcore._async.socks_proxy [assertion]
            find_module called for: socksio [assertion]
            find_module called for: httpcore._backends.mock [assertion]
            find_module called for: httpcore._backends.anyio [assertion]
            find_module called for: httpcore._backends.trio [assertion]
            find_module called for: trio [assertion]
            find_module called for: httpx._transports.mock [assertion]
            find_module called for: httpx._transports.wsgi [assertion]
            find_module called for: httpx._main [assertion]
            find_module called for: click [assertion]
            find_module called for: click.core [assertion]
            find_module called for: click.types [assertion]
            find_module called for: click._compat [assertion]
            find_module called for: click.exceptions [assertion]
            find_module called for: click.utils [assertion]
            find_module called for: click.globals [assertion]
            find_module called for: click.formatting [assertion]
            find_module called for: click.parser [assertion]
            find_module called for: click.termui [assertion]
            find_module called for: click.decorators [assertion]
            find_module called for: rich.progress [assertion]
            find_module called for: mmap [assertion]
            find_module called for: rich.filesize [assertion]
            find_module called for: rich.live [assertion]
            find_module called for: rich.file_proxy [assertion]
            find_module called for: rich.ansi [assertion]
            find_module called for: rich.live_render [assertion]
            find_module called for: rich.progress_bar [assertion]
            find_module called for: rich.spinner [assertion]
            find_module called for: rich._spinners [assertion]
              pytest_pycollect_makeitem [hook]
                  collector: <Module test_stock.py>
                  name: @py_builtins
                  obj: <module 'builtins' (built-in)>
              finish pytest_pycollect_makeitem --> None [hook]
              pytest_pycollect_makeitem [hook]
                  collector: <Module test_stock.py>
                  name: @pytest_ar
                  obj: <module '_pytest.assertion.rewrite' from '/home/renanpenna/opt/miniconda3/envs/cial/lib/python3.12/site-packages/_pytest/assertion/rewrite.py'>
              finish pytest_pycollect_makeitem --> None [hook]
              pytest_pycollect_makeitem [hook]
                  collector: <Module test_stock.py>
                  name: pytest
                  obj: <module 'pytest' from '/home/renanpenna/opt/miniconda3/envs/cial/lib/python3.12/site-packages/pytest/__init__.py'>
              finish pytest_pycollect_makeitem --> None [hook]
              pytest_pycollect_makeitem [hook]
                  collector: <Module test_stock.py>
                  name: TestClient
                  obj: <class 'starlette.testclient.TestClient'>
              finish pytest_pycollect_makeitem --> <Class TestClient> [hook]
              pytest_pycollect_makeitem [hook]
                  collector: <Module test_stock.py>
                  name: app
                  obj: <fastapi.applications.FastAPI object at 0x7bba4d916900>
              finish pytest_pycollect_makeitem --> None [hook]
              pytest_pycollect_makeitem [hook]
                  collector: <Module test_stock.py>
                  name: client
                  obj: <starlette.testclient.TestClient object at 0x7bba4d637380>
              finish pytest_pycollect_makeitem --> None [hook]
              pytest_pycollect_makeitem [hook]
                  collector: <Module test_stock.py>
                  name: test_get_stock
                  obj: <function test_get_stock at 0x7bba4d656d40>
                pytest_generate_tests [hook]
                    metafunc: <_pytest.python.Metafunc object at 0x7bba4d5a99d0>
                  pytest_make_parametrize_id [hook]
                      config: <_pytest.config.Config object at 0x7bba511d2120>
                      val: aapl
                      argname: symbol
                  finish pytest_make_parametrize_id --> None [hook]
                find_module called for: encodings.unicode_escape [assertion]
                  pytest_make_parametrize_id [hook]
                      config: <_pytest.config.Config object at 0x7bba511d2120>
                      val: 200
                      argname: status_code
                  finish pytest_make_parametrize_id --> None [hook]
                  pytest_make_parametrize_id [hook]
                      config: <_pytest.config.Config object at 0x7bba511d2120>
                      val: {'symbol': 'AAPL', 'price': 145.23}
                      argname: returned_value
                  finish pytest_make_parametrize_id --> None [hook]
                  pytest_make_parametrize_id [hook]
                      config: <_pytest.config.Config object at 0x7bba511d2120>
                      val: {'symbol': 'AAPL', 'price': 145.23}
                      argname: expected
                  finish pytest_make_parametrize_id --> None [hook]
                  pytest_make_parametrize_id [hook]
                      config: <_pytest.config.Config object at 0x7bba511d2120>
                      val: invalid
                      argname: symbol
                  finish pytest_make_parametrize_id --> None [hook]
                  pytest_make_parametrize_id [hook]
                      config: <_pytest.config.Config object at 0x7bba511d2120>
                      val: 404
                      argname: status_code
                  finish pytest_make_parametrize_id --> None [hook]
                  pytest_make_parametrize_id [hook]
                      config: <_pytest.config.Config object at 0x7bba511d2120>
                      val: None
                      argname: returned_value
                  finish pytest_make_parametrize_id --> None [hook]
                  pytest_make_parametrize_id [hook]
                      config: <_pytest.config.Config object at 0x7bba511d2120>
                      val: {'detail': 'Not Found'}
                      argname: expected
                  finish pytest_make_parametrize_id --> None [hook]
                finish pytest_generate_tests --> [] [hook]
              finish pytest_pycollect_makeitem --> [<Function test_get_stock[aapl-200-returned_value0-expected0]>, <Function test_get_stock[invalid-404-None-expected1]>] [hook]
              pytest_pycollect_makeitem [hook]
                  collector: <Module test_stock.py>
                  name: test_add_stock_amount
                  obj: <function test_add_stock_amount at 0x7bba4d656e80>
                pytest_generate_tests [hook]
                    metafunc: <_pytest.python.Metafunc object at 0x7bba4d559940>
                  pytest_make_parametrize_id [hook]
                      config: <_pytest.config.Config object at 0x7bba511d2120>
                      val: aapl
                      argname: symbol
                  finish pytest_make_parametrize_id --> None [hook]
                  pytest_make_parametrize_id [hook]
                      config: <_pytest.config.Config object at 0x7bba511d2120>
                      val: {'amount': 100}
                      argname: request_data
                  finish pytest_make_parametrize_id --> None [hook]
                  pytest_make_parametrize_id [hook]
                      config: <_pytest.config.Config object at 0x7bba511d2120>
                      val: 201
                      argname: status_code
                  finish pytest_make_parametrize_id --> None [hook]
                  pytest_make_parametrize_id [hook]
                      config: <_pytest.config.Config object at 0x7bba511d2120>
                      val: {'message': ' 145.23 units of stock aapl were added to your stock record'}
                      argname: returned_value
                  finish pytest_make_parametrize_id --> None [hook]
                  pytest_make_parametrize_id [hook]
                      config: <_pytest.config.Config object at 0x7bba511d2120>
                      val: {'message': ' 145.23 units of stock aapl were added to your stock record'}
                      argname: expected
                  finish pytest_make_parametrize_id --> None [hook]
                  pytest_make_parametrize_id [hook]
                      config: <_pytest.config.Config object at 0x7bba511d2120>
                      val: invalid
                      argname: symbol
                  finish pytest_make_parametrize_id --> None [hook]
                  pytest_make_parametrize_id [hook]
                      config: <_pytest.config.Config object at 0x7bba511d2120>
                      val: {'amount': 100}
                      argname: request_data
                  finish pytest_make_parametrize_id --> None [hook]
                  pytest_make_parametrize_id [hook]
                      config: <_pytest.config.Config object at 0x7bba511d2120>
                      val: 404
                      argname: status_code
                  finish pytest_make_parametrize_id --> None [hook]
                  pytest_make_parametrize_id [hook]
                      config: <_pytest.config.Config object at 0x7bba511d2120>
                      val: {'message': 'Stock not found'}
                      argname: returned_value
                  finish pytest_make_parametrize_id --> None [hook]
                  pytest_make_parametrize_id [hook]
                      config: <_pytest.config.Config object at 0x7bba511d2120>
                      val: {'message': 'Stock not found'}
                      argname: expected
                  finish pytest_make_parametrize_id --> None [hook]
                finish pytest_generate_tests --> [] [hook]
              finish pytest_pycollect_makeitem --> [<Function test_add_stock_amount[aapl-request_data0-201-returned_value0-expected0]>, <Function test_add_stock_amount[invalid-request_data1-404-returned_value1-expected1]>] [hook]
            finish pytest_make_collect_report --> <CollectReport 'tests/test_stock.py' lenresult=5 outcome='passed'> [hook]
        finish pytest_make_collect_report --> <CollectReport '' lenresult=2 outcome='passed'> [hook]
        pytest_collectreport [hook]
            report: <CollectReport '' lenresult=2 outcome='passed'>
        finish pytest_collectreport --> [] [hook]
    genitems <Function test_get_stock[aapl-200-returned_value0-expected0]> [collection]
      pytest_itemcollected [hook]
          item: <Function test_get_stock[aapl-200-returned_value0-expected0]>
      finish pytest_itemcollected --> [] [hook]
    genitems <Function test_get_stock[invalid-404-None-expected1]> [collection]
      pytest_itemcollected [hook]
          item: <Function test_get_stock[invalid-404-None-expected1]>
      finish pytest_itemcollected --> [] [hook]
      pytest_collection_modifyitems [hook]
          session: <Session  exitstatus=<ExitCode.OK: 0> testsfailed=0 testscollected=0>
          config: <_pytest.config.Config object at 0x7bba511d2120>
          items: [<Function test_get_stock[aapl-200-returned_value0-expected0]>, <Function test_get_stock[invalid-404-None-expected1]>]
      finish pytest_collection_modifyitems --> [] [hook]
      pytest_collection_finish [hook]
          session: <Session  exitstatus=<ExitCode.OK: 0> testsfailed=0 testscollected=0>
        pytest_report_collectionfinish [hook]
            config: <_pytest.config.Config object at 0x7bba511d2120>
            items: [<Function test_get_stock[aapl-200-returned_value0-expected0]>, <Function test_get_stock[invalid-404-None-expected1]>]
            start_path: /home/renanpenna/Projetos/Challenge/cial_stock_api
            startdir: /home/renanpenna/Projetos/Challenge/cial_stock_api
        finish pytest_report_collectionfinish --> [] [hook]
      finish pytest_collection_finish --> [] [hook]
    finish pytest_collection --> None [hook]
    pytest_runtestloop [hook]
        session: <Session  exitstatus=<ExitCode.OK: 0> testsfailed=0 testscollected=2>
      pytest_runtest_protocol [hook]
          item: <Function test_get_stock[aapl-200-returned_value0-expected0]>
          nextitem: <Function test_get_stock[invalid-404-None-expected1]>
        pytest_runtest_logstart [hook]
            nodeid: tests/test_stock.py::test_get_stock[aapl-200-returned_value0-expected0]
            location: ('tests/test_stock.py', 8, 'test_get_stock[aapl-200-returned_value0-expected0]')
        finish pytest_runtest_logstart --> [] [hook]
        pytest_runtest_setup [hook]
            item: <Function test_get_stock[aapl-200-returned_value0-expected0]>
          pytest_fixture_setup [hook]
              fixturedef: <FixtureDef argname='mock_db' scope='function' baseid='tests'>
              request: <SubRequest 'mock_db' for <Function test_get_stock[aapl-200-returned_value0-expected0]>>
          finish pytest_fixture_setup --> <generator object mock_db at 0x7bba4d46cac0> [hook]
          pytest_fixture_setup [hook]
              fixturedef: <FixtureDef argname='mock_stock_service' scope='function' baseid='tests'>
              request: <SubRequest 'mock_stock_service' for <Function test_get_stock[aapl-200-returned_value0-expected0]>>
          finish pytest_fixture_setup --> (<MagicMock name='get_stock_info' id='136040090868416'>, <MagicMock name='update_stock_amount' id='136040091025728'>) [hook]
          pytest_fixture_setup [hook]
              fixturedef: <FixtureDef argname='symbol' scope='function' baseid=''>
              request: <SubRequest 'symbol' for <Function test_get_stock[aapl-200-returned_value0-expected0]>>
          finish pytest_fixture_setup --> aapl [hook]
          pytest_fixture_setup [hook]
              fixturedef: <FixtureDef argname='status_code' scope='function' baseid=''>
              request: <SubRequest 'status_code' for <Function test_get_stock[aapl-200-returned_value0-expected0]>>
          finish pytest_fixture_setup --> 200 [hook]
          pytest_fixture_setup [hook]
              fixturedef: <FixtureDef argname='returned_value' scope='function' baseid=''>
              request: <SubRequest 'returned_value' for <Function test_get_stock[aapl-200-returned_value0-expected0]>>
          finish pytest_fixture_setup --> [hook]
              symbol: AAPL
              price: 145.23
          pytest_fixture_setup [hook]
              fixturedef: <FixtureDef argname='expected' scope='function' baseid=''>
              request: <SubRequest 'expected' for <Function test_get_stock[aapl-200-returned_value0-expected0]>>
          finish pytest_fixture_setup --> [hook]
              symbol: AAPL
              price: 145.23
        finish pytest_runtest_setup --> None [hook]
        pytest_runtest_makereport [hook]
            item: <Function test_get_stock[aapl-200-returned_value0-expected0]>
            call: <CallInfo when='setup' result: None>
        finish pytest_runtest_makereport --> <TestReport 'tests/test_stock.py::test_get_stock[aapl-200-returned_value0-expected0]' when='setup' outcome='passed'> [hook]
        pytest_runtest_logreport [hook]
            report: <TestReport 'tests/test_stock.py::test_get_stock[aapl-200-returned_value0-expected0]' when='setup' outcome='passed'>
          pytest_report_teststatus [hook]
              report: <TestReport 'tests/test_stock.py::test_get_stock[aapl-200-returned_value0-expected0]' when='setup' outcome='passed'>
              config: <_pytest.config.Config object at 0x7bba511d2120>
          finish pytest_report_teststatus --> ('', '', '') [hook]
        finish pytest_runtest_logreport --> [] [hook]
        pytest_runtest_call [hook]
            item: <Function test_get_stock[aapl-200-returned_value0-expected0]>
          pytest_pyfunc_call [hook]
              pyfuncitem: <Function test_get_stock[aapl-200-returned_value0-expected0]>
          find_module called for: anyio._backends [assertion]
          matched marked file 'anyio._backends' (from 'anyio') [assertion]
          found cached rewritten pyc for /home/renanpenna/opt/miniconda3/envs/cial/lib/python3.12/site-packages/anyio/_backends/__init__.py [assertion]
          find_module called for: anyio._backends._asyncio [assertion]
          matched marked file 'anyio._backends._asyncio' (from 'anyio') [assertion]
          found cached rewritten pyc for /home/renanpenna/opt/miniconda3/envs/cial/lib/python3.12/site-packages/anyio/_backends/_asyncio.py [assertion]
            pytest_assertrepr_compare [hook]
                config: <_pytest.config.Config object at 0x7bba511d2120>
                op: ==
                left: 404
                right: 200
            finish pytest_assertrepr_compare --> [] [hook]
        pytest_runtest_makereport [hook]
            item: <Function test_get_stock[aapl-200-returned_value0-expected0]>
            call: <CallInfo when='call' excinfo=<ExceptionInfo AssertionError('assert 404 == 200\n +  where 404 = <Response [404 Not Found]>.status_code') tblen=35>>
        finish pytest_runtest_makereport --> <TestReport 'tests/test_stock.py::test_get_stock[aapl-200-returned_value0-expected0]' when='call' outcome='failed'> [hook]
        pytest_runtest_logreport [hook]
            report: <TestReport 'tests/test_stock.py::test_get_stock[aapl-200-returned_value0-expected0]' when='call' outcome='failed'>
          pytest_report_teststatus [hook]
              report: <TestReport 'tests/test_stock.py::test_get_stock[aapl-200-returned_value0-expected0]' when='call' outcome='failed'>
              config: <_pytest.config.Config object at 0x7bba511d2120>
          finish pytest_report_teststatus --> ('failed', 'F', 'FAILED') [hook]
        finish pytest_runtest_logreport --> [] [hook]
        pytest_exception_interact [hook]
            node: <Function test_get_stock[aapl-200-returned_value0-expected0]>
            call: <CallInfo when='call' excinfo=<ExceptionInfo AssertionError('assert 404 == 200\n +  where 404 = <Response [404 Not Found]>.status_code') tblen=35>>
            report: <TestReport 'tests/test_stock.py::test_get_stock[aapl-200-returned_value0-expected0]' when='call' outcome='failed'>
        finish pytest_exception_interact --> [] [hook]
        pytest_runtest_teardown [hook]
            item: <Function test_get_stock[aapl-200-returned_value0-expected0]>
            nextitem: <Function test_get_stock[invalid-404-None-expected1]>
          pytest_fixture_post_finalizer [hook]
              fixturedef: <FixtureDef argname='expected' scope='function' baseid=''>
              request: <SubRequest 'expected' for <Function test_get_stock[aapl-200-returned_value0-expected0]>>
          finish pytest_fixture_post_finalizer --> [] [hook]
          pytest_fixture_post_finalizer [hook]
              fixturedef: <FixtureDef argname='returned_value' scope='function' baseid=''>
              request: <SubRequest 'returned_value' for <Function test_get_stock[aapl-200-returned_value0-expected0]>>
          finish pytest_fixture_post_finalizer --> [] [hook]
          pytest_fixture_post_finalizer [hook]
              fixturedef: <FixtureDef argname='status_code' scope='function' baseid=''>
              request: <SubRequest 'status_code' for <Function test_get_stock[aapl-200-returned_value0-expected0]>>
          finish pytest_fixture_post_finalizer --> [] [hook]
          pytest_fixture_post_finalizer [hook]
              fixturedef: <FixtureDef argname='symbol' scope='function' baseid=''>
              request: <SubRequest 'symbol' for <Function test_get_stock[aapl-200-returned_value0-expected0]>>
          finish pytest_fixture_post_finalizer --> [] [hook]
          pytest_fixture_post_finalizer [hook]
              fixturedef: <FixtureDef argname='mock_stock_service' scope='function' baseid='tests'>
              request: <SubRequest 'mock_stock_service' for <Function test_get_stock[aapl-200-returned_value0-expected0]>>
          finish pytest_fixture_post_finalizer --> [] [hook]
          pytest_fixture_post_finalizer [hook]
              fixturedef: <FixtureDef argname='mock_db' scope='function' baseid='tests'>
              request: <SubRequest 'mock_db' for <Function test_get_stock[aapl-200-returned_value0-expected0]>>
          finish pytest_fixture_post_finalizer --> [] [hook]
        finish pytest_runtest_teardown --> None [hook]
        pytest_runtest_makereport [hook]
            item: <Function test_get_stock[aapl-200-returned_value0-expected0]>
            call: <CallInfo when='teardown' result: None>
        finish pytest_runtest_makereport --> <TestReport 'tests/test_stock.py::test_get_stock[aapl-200-returned_value0-expected0]' when='teardown' outcome='passed'> [hook]
        pytest_runtest_logreport [hook]
            report: <TestReport 'tests/test_stock.py::test_get_stock[aapl-200-returned_value0-expected0]' when='teardown' outcome='passed'>
          pytest_report_teststatus [hook]
              report: <TestReport 'tests/test_stock.py::test_get_stock[aapl-200-returned_value0-expected0]' when='teardown' outcome='passed'>
              config: <_pytest.config.Config object at 0x7bba511d2120>
          finish pytest_report_teststatus --> ('', '', '') [hook]
        finish pytest_runtest_logreport --> [] [hook]
        pytest_runtest_logfinish [hook]
            nodeid: tests/test_stock.py::test_get_stock[aapl-200-returned_value0-expected0]
            location: ('tests/test_stock.py', 8, 'test_get_stock[aapl-200-returned_value0-expected0]')
        finish pytest_runtest_logfinish --> [] [hook]
      finish pytest_runtest_protocol --> True [hook]
      pytest_runtest_protocol [hook]
          item: <Function test_get_stock[invalid-404-None-expected1]>
          nextitem: None
        pytest_runtest_logstart [hook]
            nodeid: tests/test_stock.py::test_get_stock[invalid-404-None-expected1]
            location: ('tests/test_stock.py', 8, 'test_get_stock[invalid-404-None-expected1]')
        finish pytest_runtest_logstart --> [] [hook]
        pytest_runtest_setup [hook]
            item: <Function test_get_stock[invalid-404-None-expected1]>
          pytest_fixture_setup [hook]
              fixturedef: <FixtureDef argname='mock_db' scope='function' baseid='tests'>
              request: <SubRequest 'mock_db' for <Function test_get_stock[invalid-404-None-expected1]>>
          finish pytest_fixture_setup --> <generator object mock_db at 0x7bba4d46cf40> [hook]
          pytest_fixture_setup [hook]
              fixturedef: <FixtureDef argname='mock_stock_service' scope='function' baseid='tests'>
              request: <SubRequest 'mock_stock_service' for <Function test_get_stock[invalid-404-None-expected1]>>
          finish pytest_fixture_setup --> (<MagicMock name='get_stock_info' id='136040091172112'>, <MagicMock name='update_stock_amount' id='136040080821568'>) [hook]
          pytest_fixture_setup [hook]
              fixturedef: <FixtureDef argname='symbol' scope='function' baseid=''>
              request: <SubRequest 'symbol' for <Function test_get_stock[invalid-404-None-expected1]>>
          finish pytest_fixture_setup --> invalid [hook]
          pytest_fixture_setup [hook]
              fixturedef: <FixtureDef argname='status_code' scope='function' baseid=''>
              request: <SubRequest 'status_code' for <Function test_get_stock[invalid-404-None-expected1]>>
          finish pytest_fixture_setup --> 404 [hook]
          pytest_fixture_setup [hook]
              fixturedef: <FixtureDef argname='returned_value' scope='function' baseid=''>
              request: <SubRequest 'returned_value' for <Function test_get_stock[invalid-404-None-expected1]>>
          finish pytest_fixture_setup --> None [hook]
          pytest_fixture_setup [hook]
              fixturedef: <FixtureDef argname='expected' scope='function' baseid=''>
              request: <SubRequest 'expected' for <Function test_get_stock[invalid-404-None-expected1]>>
          finish pytest_fixture_setup --> [hook]
              detail: Not Found
        finish pytest_runtest_setup --> None [hook]
        pytest_runtest_makereport [hook]
            item: <Function test_get_stock[invalid-404-None-expected1]>
            call: <CallInfo when='setup' result: None>
        finish pytest_runtest_makereport --> <TestReport 'tests/test_stock.py::test_get_stock[invalid-404-None-expected1]' when='setup' outcome='passed'> [hook]
        pytest_runtest_logreport [hook]
            report: <TestReport 'tests/test_stock.py::test_get_stock[invalid-404-None-expected1]' when='setup' outcome='passed'>
          pytest_report_teststatus [hook]
              report: <TestReport 'tests/test_stock.py::test_get_stock[invalid-404-None-expected1]' when='setup' outcome='passed'>
              config: <_pytest.config.Config object at 0x7bba511d2120>
          finish pytest_report_teststatus --> ('', '', '') [hook]
        finish pytest_runtest_logreport --> [] [hook]
        pytest_runtest_call [hook]
            item: <Function test_get_stock[invalid-404-None-expected1]>
          pytest_pyfunc_call [hook]
              pyfuncitem: <Function test_get_stock[invalid-404-None-expected1]>
          finish pytest_pyfunc_call --> True [hook]
        finish pytest_runtest_call --> None [hook]
        pytest_runtest_makereport [hook]
            item: <Function test_get_stock[invalid-404-None-expected1]>
            call: <CallInfo when='call' result: None>
        finish pytest_runtest_makereport --> <TestReport 'tests/test_stock.py::test_get_stock[invalid-404-None-expected1]' when='call' outcome='passed'> [hook]
        pytest_runtest_logreport [hook]
            report: <TestReport 'tests/test_stock.py::test_get_stock[invalid-404-None-expected1]' when='call' outcome='passed'>
          pytest_report_teststatus [hook]
              report: <TestReport 'tests/test_stock.py::test_get_stock[invalid-404-None-expected1]' when='call' outcome='passed'>
              config: <_pytest.config.Config object at 0x7bba511d2120>
          finish pytest_report_teststatus --> ('passed', '.', 'PASSED') [hook]
        finish pytest_runtest_logreport --> [] [hook]
        pytest_runtest_teardown [hook]
            item: <Function test_get_stock[invalid-404-None-expected1]>
            nextitem: None
          pytest_fixture_post_finalizer [hook]
              fixturedef: <FixtureDef argname='expected' scope='function' baseid=''>
              request: <SubRequest 'expected' for <Function test_get_stock[invalid-404-None-expected1]>>
          finish pytest_fixture_post_finalizer --> [] [hook]
          pytest_fixture_post_finalizer [hook]
              fixturedef: <FixtureDef argname='returned_value' scope='function' baseid=''>
              request: <SubRequest 'returned_value' for <Function test_get_stock[invalid-404-None-expected1]>>
          finish pytest_fixture_post_finalizer --> [] [hook]
          pytest_fixture_post_finalizer [hook]
              fixturedef: <FixtureDef argname='status_code' scope='function' baseid=''>
              request: <SubRequest 'status_code' for <Function test_get_stock[invalid-404-None-expected1]>>
          finish pytest_fixture_post_finalizer --> [] [hook]
          pytest_fixture_post_finalizer [hook]
              fixturedef: <FixtureDef argname='symbol' scope='function' baseid=''>
              request: <SubRequest 'symbol' for <Function test_get_stock[invalid-404-None-expected1]>>
          finish pytest_fixture_post_finalizer --> [] [hook]
          pytest_fixture_post_finalizer [hook]
              fixturedef: <FixtureDef argname='mock_stock_service' scope='function' baseid='tests'>
              request: <SubRequest 'mock_stock_service' for <Function test_get_stock[invalid-404-None-expected1]>>
          finish pytest_fixture_post_finalizer --> [] [hook]
          pytest_fixture_post_finalizer [hook]
              fixturedef: <FixtureDef argname='mock_db' scope='function' baseid='tests'>
              request: <SubRequest 'mock_db' for <Function test_get_stock[invalid-404-None-expected1]>>
          finish pytest_fixture_post_finalizer --> [] [hook]
        finish pytest_runtest_teardown --> None [hook]
        pytest_runtest_makereport [hook]
            item: <Function test_get_stock[invalid-404-None-expected1]>
            call: <CallInfo when='teardown' result: None>
        finish pytest_runtest_makereport --> <TestReport 'tests/test_stock.py::test_get_stock[invalid-404-None-expected1]' when='teardown' outcome='passed'> [hook]
        pytest_runtest_logreport [hook]
            report: <TestReport 'tests/test_stock.py::test_get_stock[invalid-404-None-expected1]' when='teardown' outcome='passed'>
          pytest_report_teststatus [hook]
              report: <TestReport 'tests/test_stock.py::test_get_stock[invalid-404-None-expected1]' when='teardown' outcome='passed'>
              config: <_pytest.config.Config object at 0x7bba511d2120>
          finish pytest_report_teststatus --> ('', '', '') [hook]
        finish pytest_runtest_logreport --> [] [hook]
        pytest_runtest_logfinish [hook]
            nodeid: tests/test_stock.py::test_get_stock[invalid-404-None-expected1]
            location: ('tests/test_stock.py', 8, 'test_get_stock[invalid-404-None-expected1]')
        finish pytest_runtest_logfinish --> [] [hook]
      finish pytest_runtest_protocol --> True [hook]
    finish pytest_runtestloop --> True [hook]
    pytest_sessionfinish [hook]
        session: <Session  exitstatus=<ExitCode.TESTS_FAILED: 1> testsfailed=1 testscollected=2>
        exitstatus: 1
      pytest_terminal_summary [hook]
          terminalreporter: <_pytest.terminal.TerminalReporter object at 0x7bba509119a0>
          exitstatus: 1
          config: <_pytest.config.Config object at 0x7bba511d2120>
      find_module called for: pygments.lexers.python [assertion]
      find_module called for: pygments.unistring [assertion]
      find_module called for: pygments.formatters [assertion]
      find_module called for: pygments.formatters._mapping [assertion]
      find_module called for: pygments.formatters.terminal [assertion]
      find_module called for: pygments.formatter [assertion]
      find_module called for: pygments.console [assertion]
        pytest_report_teststatus [hook]
            report: <TestReport 'tests/test_stock.py::test_get_stock[aapl-200-returned_value0-expected0]' when='call' outcome='failed'>
            config: <_pytest.config.Config object at 0x7bba511d2120>
        finish pytest_report_teststatus --> ('failed', 'F', 'FAILED') [hook]
      finish pytest_terminal_summary --> [] [hook]
    finish pytest_sessionfinish --> [] [hook]
    pytest_unconfigure [hook]
        config: <_pytest.config.Config object at 0x7bba511d2120>
    finish pytest_unconfigure --> [] [hook]
